Arguments: 
  /usr/local/bin/node /home/zcodex/.yarn/bin/yarn.js init

PATH: 
  /home/zcodex/.yarn/bin:/home/zcodex/.config/yarn/global/node_modules/.bin:/home/zcodex/bin:/home/zcodex/.local/bin:/home/zcodex/.yarn/bin:/home/zcodex/.config/yarn/global/node_modules/.bin:/home/zcodex/bin:/home/zcodex/.local/bin:/usr/local/sbin:/usr/local/bin:/usr/sbin:/usr/bin:/sbin:/bin:/usr/games:/usr/local/games

Yarn version: 
  1.13.0

Node version: 
  10.15.3

Platform: 
  linux x64

Trace: 
  Error: canceled
      at Interface.<anonymous> (/home/zcodex/.yarn/lib/cli.js:125657:13)
      at Interface.emit (events.js:189:13)
      at Interface._ttyWrite (readline.js:783:16)
      at ReadStream.onkeypress (readline.js:168:10)
      at ReadStream.emit (events.js:189:13)
      at emitKeys (internal/readline.js:424:14)
      at emitKeys.next (<anonymous>)
      at ReadStream.onData (readline.js:1022:36)
      at ReadStream.emit (events.js:189:13)
      at addChunk (_stream_readable.js:284:12)

npm manifest: 
  No manifest

yarn manifest: 
  No manifest

Lockfile: 
  No lockfile
